Using pre-set license
Built from '2021.1/release' branch; Version is '2021.1.10f1 (b15f561b2cef) revision 11624278'; Using compiler version '192528614'; Build Type 'Release'
OS: 'Windows 10 Pro; OS build 19042.1288; Version 2009; 64bit' Language: 'pt' Physical Memory: 8075 MB
BatchMode: 1, IsHumanControllingUs: 0, StartBugReporterOnCrash: 0, Is64bit: 1, IsPro: 0

 COMMAND LINE ARGUMENTS:
C:\Program Files\Unity\Hub\Editor\Unity 2021.1.10f1\Editor\Unity.exe
-adb2
-batchMode
-noUpm
-name
AssetImportWorker0
-projectPath
C:/Projetos GitHub/Strech-mesh-project/Strech Mesh
-logFile
Logs/AssetImportWorker0.log
-srvPort
59506
Successfully changed project path to: C:/Projetos GitHub/Strech-mesh-project/Strech Mesh
C:/Projetos GitHub/Strech-mesh-project/Strech Mesh
Using Asset Import Pipeline V2.
Refreshing native plugins compatible for Editor in 162.59 ms, found 3 plugins.
Preloading 0 native plugins for Editor in 0.00 ms.
Initialize engine version: 2021.1.10f1 (b15f561b2cef)
[Subsystems] Discovering subsystems at path C:/Program Files/Unity/Hub/Editor/Unity 2021.1.10f1/Editor/Data/Resources/UnitySubsystems
[Subsystems] Discovering subsystems at path C:/Projetos GitHub/Strech-mesh-project/Strech Mesh/Assets
GfxDevice: creating device client; threaded=0; jobified=0
Direct3D:
    Version:  Direct3D 11.0 [level 11.1]
    Renderer: NVIDIA GeForce GTX 960 (ID=0x1401)
    Vendor:   NVIDIA
    VRAM:     2007 MB
    Driver:   30.0.14.7111
Initialize mono
Mono path[0] = 'C:/Program Files/Unity/Hub/Editor/Unity 2021.1.10f1/Editor/Data/Managed'
Mono path[1] = 'C:/Program Files/Unity/Hub/Editor/Unity 2021.1.10f1/Editor/Data/MonoBleedingEdge/lib/mono/unityjit'
Mono config path = 'C:/Program Files/Unity/Hub/Editor/Unity 2021.1.10f1/Editor/Data/MonoBleedingEdge/etc'
Using monoOptions --debugger-agent=transport=dt_socket,embedding=1,server=y,suspend=n,address=127.0.0.1:56600
Begin MonoManager ReloadAssembly
Registering precompiled unity dll's ...
Register platform support module: C:/Program Files/Unity/Hub/Editor/Unity 2021.1.10f1/Editor/Data/PlaybackEngines/WindowsStandaloneSupport/UnityEditor.WindowsStandalone.Extensions.dll
Registered in 0.007098 seconds.
Native extension for WindowsStandalone target not found
Refreshing native plugins compatible for Editor in 140.98 ms, found 3 plugins.
Preloading 0 native plugins for Editor in 0.00 ms.
Mono: successfully reloaded assembly
- Completed reload, in  2.737 seconds
Domain Reload Profiling:
	ReloadAssembly (2737ms)
		BeginReloadAssembly (115ms)
			ExecutionOrderSort (0ms)
			DisableScriptedObjects (0ms)
			BackupInstance (0ms)
			ReleaseScriptingObjects (0ms)
			CreateAndSetChildDomain (1ms)
		EndReloadAssembly (763ms)
			LoadAssemblies (111ms)
			RebuildTransferFunctionScriptingTraits (0ms)
			SetupTypeCache (259ms)
			ReleaseScriptCaches (0ms)
			RebuildScriptCaches (45ms)
			SetupLoadedEditorAssemblies (382ms)
				LogAssemblyErrors (0ms)
				InitializePlatformSupportModulesInManaged (9ms)
				SetLoadedEditorAssemblies (0ms)
				RefreshPlugins (141ms)
				BeforeProcessingInitializeOnLoad (2ms)
				ProcessInitializeOnLoadAttributes (170ms)
				ProcessInitializeOnLoadMethodAttributes (59ms)
				AfterProcessingInitializeOnLoad (0ms)
				EditorAssembliesLoaded (0ms)
			ExecutionOrderSort2 (0ms)
			AwakeInstancesAfterBackupRestoration (0ms)
Platform modules already initialized, skipping
Registering precompiled user dll's ...
Registered in 0.336159 seconds.
Begin MonoManager ReloadAssembly
Symbol file LoadedFromMemory doesn't match image C:\Projetos GitHub\Strech-mesh-project\Strech Mesh\Library\PackageCache\com.unity.visualscripting@1.6.1\Editor\VisualScripting.Core\Dependencies\YamlDotNet\Unity.VisualScripting.YamlDotNet.dll
Symbol file LoadedFromMemory doesn't match image C:\Projetos GitHub\Strech-mesh-project\Strech Mesh\Library\PackageCache\com.unity.visualscripting@1.6.1\Editor\VisualScripting.Core\Dependencies\DotNetZip\Unity.VisualScripting.IonicZip.dll
Native extension for WindowsStandalone target not found
Refreshing native plugins compatible for Editor in 137.68 ms, found 3 plugins.
Preloading 0 native plugins for Editor in 0.00 ms.
Mono: successfully reloaded assembly
- Completed reload, in  2.708 seconds
Domain Reload Profiling:
	ReloadAssembly (2709ms)
		BeginReloadAssembly (235ms)
			ExecutionOrderSort (0ms)
			DisableScriptedObjects (8ms)
			BackupInstance (0ms)
			ReleaseScriptingObjects (0ms)
			CreateAndSetChildDomain (32ms)
		EndReloadAssembly (2375ms)
			LoadAssemblies (494ms)
			RebuildTransferFunctionScriptingTraits (0ms)
			SetupTypeCache (654ms)
			ReleaseScriptCaches (1ms)
			RebuildScriptCaches (89ms)
			SetupLoadedEditorAssemblies (977ms)
				LogAssemblyErrors (0ms)
				InitializePlatformSupportModulesInManaged (7ms)
				SetLoadedEditorAssemblies (0ms)
				RefreshPlugins (138ms)
				BeforeProcessingInitializeOnLoad (145ms)
				ProcessInitializeOnLoadAttributes (664ms)
				ProcessInitializeOnLoadMethodAttributes (7ms)
				AfterProcessingInitializeOnLoad (16ms)
				EditorAssembliesLoaded (1ms)
			ExecutionOrderSort2 (0ms)
			AwakeInstancesAfterBackupRestoration (15ms)
Platform modules already initialized, skipping
========================================================================
Worker process is ready to serve import requests
Shader 'Universal Render Pipeline/Particles/Lit': fallback shader 'Universal Render Pipeline/Particles/SimpleLit' not found
Shader 'Universal Render Pipeline/Particles/Lit': fallback shader 'Universal Render Pipeline/Particles/SimpleLit' not found
Launched and connected shader compiler UnityShaderCompiler.exe after 0.08 seconds
Refreshing native plugins compatible for Editor in 0.92 ms, found 3 plugins.
Preloading 0 native plugins for Editor in 0.00 ms.
Unloading 4716 Unused Serialized files (Serialized files now loaded: 0)
System memory in use before: 181.3 MB.
System memory in use after: 178.7 MB.

Unloading 58 unused Assets to reduce memory usage. Loaded Objects now: 5129.
Total: 5.985500 ms (FindLiveObjects: 0.835300 ms CreateObjectMapping: 0.513800 ms MarkObjects: 3.281300 ms  DeleteObjects: 1.353300 ms)

AssetImportParameters requested are different than current active one (requested -> active):
  custom:framework-win-MediaFoundation: 216162199b28c13a410421893ffa2e32 -> 
  custom:video-decoder-ogg-theora: a1e56fd34408186e4bbccfd4996cb3dc -> 
  custom:container-muxer-webm: aa71ff27fc2769a1b78a27578f13a17b -> 
  custom:container-demuxer-webm: 4f35f7cbe854078d1ac9338744f61a02 -> 
  custom:container-demuxer-ogg: 62fdf1f143b41e24485cea50d1cbac27 -> 
  custom:video-encoder-webm-vp8: eb34c28f22e8b96e1ab97ce403110664 -> 
  custom:video-decoder-webm-vp8: 9c59270c3fd7afecdb556c50c9e8de78 -> 
  custom:audio-decoder-ogg-vorbis: bf7c407c2cedff20999df2af8eb42d56 -> 
  custom:audio-encoder-webm-vorbis: bf7c407c2cedff20999df2af8eb42d56 -> 
========================================================================
Received Import Request.
  path: Assets/Materials/Shadergraph/teste.mat
  artifactKey: Guid(c8fbdf69cb287204683090d8bcc73605) Importer(2089858483,934ff659095e30574adcf32a4c2f97b5)
Start importing Assets/Materials/Shadergraph/teste.mat using Guid(c8fbdf69cb287204683090d8bcc73605) Importer(2089858483,934ff659095e30574adcf32a4c2f97b5)  -> (artifact id: '4f9af901ef676a6ed576962b83243888') in 0.121150 seconds 
========================================================================
Received Import Request.
  Time since last request: 0.000894 seconds.
  path: Assets/Materials/Shadergraph/teste.mat
  artifactKey: Guid(c8fbdf69cb287204683090d8bcc73605) Importer(815301076,1909f56bfc062723c751e8b465ee728b)
Start importing Assets/Materials/Shadergraph/teste.mat using Guid(c8fbdf69cb287204683090d8bcc73605) Importer(815301076,1909f56bfc062723c751e8b465ee728b)  -> (artifact id: 'bf75b85e4668a72d39355e3978b43fa2') in 1.108093 seconds 
========================================================================
Received Import Request.
  Time since last request: 53.210613 seconds.
  path: Assets/Materials/Shadergraph/Teste.shadergraph
  artifactKey: Guid(fe6a5bc4b9ad11d4ebd2c5ba56230846) Importer(2089858483,934ff659095e30574adcf32a4c2f97b5)
Start importing Assets/Materials/Shadergraph/Teste.shadergraph using Guid(fe6a5bc4b9ad11d4ebd2c5ba56230846) Importer(2089858483,934ff659095e30574adcf32a4c2f97b5)  -> (artifact id: '04062f17ef34032f25d6ff727284e660') in 0.014459 seconds 
========================================================================
Received Import Request.
  Time since last request: 88.183280 seconds.
  path: Assets/Materials/Shadergraph/Teste.shadergraph
  artifactKey: Guid(fe6a5bc4b9ad11d4ebd2c5ba56230846) Importer(2089858483,934ff659095e30574adcf32a4c2f97b5)
Start importing Assets/Materials/Shadergraph/Teste.shadergraph using Guid(fe6a5bc4b9ad11d4ebd2c5ba56230846) Importer(2089858483,934ff659095e30574adcf32a4c2f97b5)  -> (artifact id: '0239b783ab99c5471b43716c26fb88bc') in 0.015192 seconds 
========================================================================
Received Import Request.
  Time since last request: 48.239818 seconds.
  path: Assets/Materials/Shadergraph/Teste.shadergraph
  artifactKey: Guid(fe6a5bc4b9ad11d4ebd2c5ba56230846) Importer(2089858483,934ff659095e30574adcf32a4c2f97b5)
Start importing Assets/Materials/Shadergraph/Teste.shadergraph using Guid(fe6a5bc4b9ad11d4ebd2c5ba56230846) Importer(2089858483,934ff659095e30574adcf32a4c2f97b5)  -> (artifact id: 'c6248072f6bef552d348c45ee4c69c49') in 0.015647 seconds 
========================================================================
Received Import Request.
  Time since last request: 31.928737 seconds.
  path: Assets/Materials/Shadergraph/Teste.shadergraph
  artifactKey: Guid(fe6a5bc4b9ad11d4ebd2c5ba56230846) Importer(2089858483,934ff659095e30574adcf32a4c2f97b5)
Start importing Assets/Materials/Shadergraph/Teste.shadergraph using Guid(fe6a5bc4b9ad11d4ebd2c5ba56230846) Importer(2089858483,934ff659095e30574adcf32a4c2f97b5)  -> (artifact id: 'c941db8742952a879740560aba933eb4') in 0.011285 seconds 
========================================================================
Received Import Request.
  Time since last request: 38.595623 seconds.
  path: Assets/Materials/Shadergraph/Teste.shadergraph
  artifactKey: Guid(fe6a5bc4b9ad11d4ebd2c5ba56230846) Importer(2089858483,934ff659095e30574adcf32a4c2f97b5)
Start importing Assets/Materials/Shadergraph/Teste.shadergraph using Guid(fe6a5bc4b9ad11d4ebd2c5ba56230846) Importer(2089858483,934ff659095e30574adcf32a4c2f97b5)  -> (artifact id: 'c7cf08c25364941c0fd39e154802b0f5') in 0.016872 seconds 
========================================================================
Received Import Request.
  Time since last request: 56.603386 seconds.
  path: Assets/Materials/Shadergraph/Teste.shadergraph
  artifactKey: Guid(fe6a5bc4b9ad11d4ebd2c5ba56230846) Importer(2089858483,934ff659095e30574adcf32a4c2f97b5)
Start importing Assets/Materials/Shadergraph/Teste.shadergraph using Guid(fe6a5bc4b9ad11d4ebd2c5ba56230846) Importer(2089858483,934ff659095e30574adcf32a4c2f97b5)  -> (artifact id: 'ee08fc27cc4a70f9550517bf42b7240e') in 0.010771 seconds 
========================================================================
Received Import Request.
  Time since last request: 6.588702 seconds.
  path: Assets/Materials/Shadergraph/Teste.shadergraph
  artifactKey: Guid(fe6a5bc4b9ad11d4ebd2c5ba56230846) Importer(2089858483,934ff659095e30574adcf32a4c2f97b5)
Start importing Assets/Materials/Shadergraph/Teste.shadergraph using Guid(fe6a5bc4b9ad11d4ebd2c5ba56230846) Importer(2089858483,934ff659095e30574adcf32a4c2f97b5)  -> (artifact id: '259f2dcaea73ac4f11e7808600a048f2') in 0.006819 seconds 
========================================================================
Received Import Request.
  Time since last request: 108.506622 seconds.
  path: Assets/Materials/Shadergraph/Teste.shadergraph
  artifactKey: Guid(fe6a5bc4b9ad11d4ebd2c5ba56230846) Importer(2089858483,934ff659095e30574adcf32a4c2f97b5)
Start importing Assets/Materials/Shadergraph/Teste.shadergraph using Guid(fe6a5bc4b9ad11d4ebd2c5ba56230846) Importer(2089858483,934ff659095e30574adcf32a4c2f97b5)  -> (artifact id: 'd290ebb907bf8d75f7eb35aa45566cd9') in 0.008725 seconds 
========================================================================
Received Import Request.
  Time since last request: 38.139093 seconds.
  path: Assets/Materials/Shadergraph/Teste.shadergraph
  artifactKey: Guid(fe6a5bc4b9ad11d4ebd2c5ba56230846) Importer(2089858483,934ff659095e30574adcf32a4c2f97b5)
Start importing Assets/Materials/Shadergraph/Teste.shadergraph using Guid(fe6a5bc4b9ad11d4ebd2c5ba56230846) Importer(2089858483,934ff659095e30574adcf32a4c2f97b5)  -> (artifact id: '0af53342651adba5bf43b6f05102abdf') in 0.007332 seconds 
========================================================================
Received Import Request.
  Time since last request: 31.349005 seconds.
  path: Assets/Materials/Shadergraph/Teste.shadergraph
  artifactKey: Guid(fe6a5bc4b9ad11d4ebd2c5ba56230846) Importer(2089858483,934ff659095e30574adcf32a4c2f97b5)
Start importing Assets/Materials/Shadergraph/Teste.shadergraph using Guid(fe6a5bc4b9ad11d4ebd2c5ba56230846) Importer(2089858483,934ff659095e30574adcf32a4c2f97b5)  -> (artifact id: '27eaff47a12c195271c36de2591970dc') in 0.017123 seconds 
========================================================================
Received Import Request.
  Time since last request: 215.499156 seconds.
  path: Assets/Materials/Shadergraph/Teste.shadergraph
  artifactKey: Guid(fe6a5bc4b9ad11d4ebd2c5ba56230846) Importer(2089858483,934ff659095e30574adcf32a4c2f97b5)
Start importing Assets/Materials/Shadergraph/Teste.shadergraph using Guid(fe6a5bc4b9ad11d4ebd2c5ba56230846) Importer(2089858483,934ff659095e30574adcf32a4c2f97b5)  -> (artifact id: '89bf2af5372d1e8cb22afb531851df15') in 0.009870 seconds 
========================================================================
Received Import Request.
  Time since last request: 36.693489 seconds.
  path: Assets/Materials/Shadergraph/Teste.shadergraph
  artifactKey: Guid(fe6a5bc4b9ad11d4ebd2c5ba56230846) Importer(2089858483,934ff659095e30574adcf32a4c2f97b5)
Start importing Assets/Materials/Shadergraph/Teste.shadergraph using Guid(fe6a5bc4b9ad11d4ebd2c5ba56230846) Importer(2089858483,934ff659095e30574adcf32a4c2f97b5)  -> (artifact id: '891a9974c394359c9603ee2a22ced7b4') in 0.014097 seconds 
========================================================================
Received Import Request.
  Time since last request: 376.907637 seconds.
  path: Assets/Materials/Shadergraph/Teste.shadergraph
  artifactKey: Guid(fe6a5bc4b9ad11d4ebd2c5ba56230846) Importer(2089858483,934ff659095e30574adcf32a4c2f97b5)
Start importing Assets/Materials/Shadergraph/Teste.shadergraph using Guid(fe6a5bc4b9ad11d4ebd2c5ba56230846) Importer(2089858483,934ff659095e30574adcf32a4c2f97b5)  -> (artifact id: '62486e71deb7754b8f6f5b582d186d45') in 0.011604 seconds 
========================================================================
Received Import Request.
  Time since last request: 49.535573 seconds.
  path: Assets/Materials/Shadergraph/Teste.shadergraph
  artifactKey: Guid(fe6a5bc4b9ad11d4ebd2c5ba56230846) Importer(2089858483,934ff659095e30574adcf32a4c2f97b5)
Start importing Assets/Materials/Shadergraph/Teste.shadergraph using Guid(fe6a5bc4b9ad11d4ebd2c5ba56230846) Importer(2089858483,934ff659095e30574adcf32a4c2f97b5)  -> (artifact id: '73a375018d41ce72cabd338df3f8795a') in 0.019481 seconds 
========================================================================
Received Import Request.
  Time since last request: 30.827153 seconds.
  path: Assets/Materials/Shadergraph/Teste.shadergraph
  artifactKey: Guid(fe6a5bc4b9ad11d4ebd2c5ba56230846) Importer(2089858483,934ff659095e30574adcf32a4c2f97b5)
Start importing Assets/Materials/Shadergraph/Teste.shadergraph using Guid(fe6a5bc4b9ad11d4ebd2c5ba56230846) Importer(2089858483,934ff659095e30574adcf32a4c2f97b5)  -> (artifact id: 'fda7df68acf6513d0a86fbf6eeaab2c0') in 0.012624 seconds 
========================================================================
Received Import Request.
  Time since last request: 22.644811 seconds.
  path: Assets/Materials/Shadergraph/Teste.shadergraph
  artifactKey: Guid(fe6a5bc4b9ad11d4ebd2c5ba56230846) Importer(2089858483,934ff659095e30574adcf32a4c2f97b5)
Start importing Assets/Materials/Shadergraph/Teste.shadergraph using Guid(fe6a5bc4b9ad11d4ebd2c5ba56230846) Importer(2089858483,934ff659095e30574adcf32a4c2f97b5)  -> (artifact id: 'e50b53744507d5dc405ccecce4824941') in 0.011006 seconds 
========================================================================
Received Import Request.
  Time since last request: 28.751437 seconds.
  path: Assets/Materials/Shadergraph/Teste.shadergraph
  artifactKey: Guid(fe6a5bc4b9ad11d4ebd2c5ba56230846) Importer(2089858483,934ff659095e30574adcf32a4c2f97b5)
Start importing Assets/Materials/Shadergraph/Teste.shadergraph using Guid(fe6a5bc4b9ad11d4ebd2c5ba56230846) Importer(2089858483,934ff659095e30574adcf32a4c2f97b5)  -> (artifact id: 'b3a9795e822ae094af2ad14f4cfcd5f9') in 0.012614 seconds 
========================================================================
Received Import Request.
  Time since last request: 590.879512 seconds.
  path: Assets/Materials/Shadergraph/Teste.shadergraph
  artifactKey: Guid(fe6a5bc4b9ad11d4ebd2c5ba56230846) Importer(2089858483,934ff659095e30574adcf32a4c2f97b5)
Start importing Assets/Materials/Shadergraph/Teste.shadergraph using Guid(fe6a5bc4b9ad11d4ebd2c5ba56230846) Importer(2089858483,934ff659095e30574adcf32a4c2f97b5)  -> (artifact id: '2f21373e52470f3425d2c3a013336da4') in 0.013848 seconds 
========================================================================
Received Import Request.
  Time since last request: 14.700156 seconds.
  path: Assets/Materials/Shadergraph/Teste.shadergraph
  artifactKey: Guid(fe6a5bc4b9ad11d4ebd2c5ba56230846) Importer(2089858483,934ff659095e30574adcf32a4c2f97b5)
Start importing Assets/Materials/Shadergraph/Teste.shadergraph using Guid(fe6a5bc4b9ad11d4ebd2c5ba56230846) Importer(2089858483,934ff659095e30574adcf32a4c2f97b5)  -> (artifact id: '3f2171c73b64ec927f3f7a3809af6247') in 0.011893 seconds 
========================================================================
Received Import Request.
  Time since last request: 45.291679 seconds.
  path: Assets/Materials/Shadergraph/Teste.shadergraph
  artifactKey: Guid(fe6a5bc4b9ad11d4ebd2c5ba56230846) Importer(2089858483,934ff659095e30574adcf32a4c2f97b5)
Start importing Assets/Materials/Shadergraph/Teste.shadergraph using Guid(fe6a5bc4b9ad11d4ebd2c5ba56230846) Importer(2089858483,934ff659095e30574adcf32a4c2f97b5)  -> (artifact id: 'e4836c6f28f37517ee7042a8c34e6037') in 0.011749 seconds 
========================================================================
Received Import Request.
  Time since last request: 112.387730 seconds.
  path: Assets/Materials/Shadergraph/Teste.shadergraph
  artifactKey: Guid(fe6a5bc4b9ad11d4ebd2c5ba56230846) Importer(2089858483,934ff659095e30574adcf32a4c2f97b5)
Start importing Assets/Materials/Shadergraph/Teste.shadergraph using Guid(fe6a5bc4b9ad11d4ebd2c5ba56230846) Importer(2089858483,934ff659095e30574adcf32a4c2f97b5)  -> (artifact id: 'dc94ec8da87bdf904258f0f1330a3838') in 0.011528 seconds 
========================================================================
Received Import Request.
  Time since last request: 532.023417 seconds.
  path: Assets/Materials/Shadergraph/Teste.shadergraph
  artifactKey: Guid(fe6a5bc4b9ad11d4ebd2c5ba56230846) Importer(2089858483,934ff659095e30574adcf32a4c2f97b5)
Start importing Assets/Materials/Shadergraph/Teste.shadergraph using Guid(fe6a5bc4b9ad11d4ebd2c5ba56230846) Importer(2089858483,934ff659095e30574adcf32a4c2f97b5)  -> (artifact id: '9aab3225c0017b6280ed8b5eae0499cf') in 0.011337 seconds 
========================================================================
Received Import Request.
  Time since last request: 631.818528 seconds.
  path: Assets/Materials/Shadergraph/Teste.shadergraph
  artifactKey: Guid(fe6a5bc4b9ad11d4ebd2c5ba56230846) Importer(2089858483,934ff659095e30574adcf32a4c2f97b5)
Start importing Assets/Materials/Shadergraph/Teste.shadergraph using Guid(fe6a5bc4b9ad11d4ebd2c5ba56230846) Importer(2089858483,934ff659095e30574adcf32a4c2f97b5)  -> (artifact id: '1c0460190a299e5bd955274c105e5426') in 0.009995 seconds 
========================================================================
Received Import Request.
  Time since last request: 34.819153 seconds.
  path: Assets/Materials/Shadergraph/Teste.shadergraph
  artifactKey: Guid(fe6a5bc4b9ad11d4ebd2c5ba56230846) Importer(2089858483,934ff659095e30574adcf32a4c2f97b5)
Start importing Assets/Materials/Shadergraph/Teste.shadergraph using Guid(fe6a5bc4b9ad11d4ebd2c5ba56230846) Importer(2089858483,934ff659095e30574adcf32a4c2f97b5)  -> (artifact id: 'f9a5e7a3b3dd2b6cb87cfe94e30ef841') in 0.012258 seconds 
========================================================================
Received Import Request.
  Time since last request: 13.891720 seconds.
  path: Assets/Materials/Shadergraph/Teste.shadergraph
  artifactKey: Guid(fe6a5bc4b9ad11d4ebd2c5ba56230846) Importer(2089858483,934ff659095e30574adcf32a4c2f97b5)
Start importing Assets/Materials/Shadergraph/Teste.shadergraph using Guid(fe6a5bc4b9ad11d4ebd2c5ba56230846) Importer(2089858483,934ff659095e30574adcf32a4c2f97b5)  -> (artifact id: '597a597afb007351de8db973bc22b112') in 0.010742 seconds 
========================================================================
Received Import Request.
  Time since last request: 18.808754 seconds.
  path: Assets/Materials/Shadergraph/Teste.shadergraph
  artifactKey: Guid(fe6a5bc4b9ad11d4ebd2c5ba56230846) Importer(2089858483,934ff659095e30574adcf32a4c2f97b5)
Start importing Assets/Materials/Shadergraph/Teste.shadergraph using Guid(fe6a5bc4b9ad11d4ebd2c5ba56230846) Importer(2089858483,934ff659095e30574adcf32a4c2f97b5)  -> (artifact id: 'fd13537a263df8b3779dd01980e9ab9c') in 0.234441 seconds 
========================================================================
Received Import Request.
  Time since last request: 9.420043 seconds.
  path: Assets/Materials/Shadergraph/Teste.shadergraph
  artifactKey: Guid(fe6a5bc4b9ad11d4ebd2c5ba56230846) Importer(2089858483,934ff659095e30574adcf32a4c2f97b5)
Start importing Assets/Materials/Shadergraph/Teste.shadergraph using Guid(fe6a5bc4b9ad11d4ebd2c5ba56230846) Importer(2089858483,934ff659095e30574adcf32a4c2f97b5)  -> (artifact id: '7bdf90ac33588594d1f857bea0c88faa') in 0.008794 seconds 
========================================================================
Received Import Request.
  Time since last request: 6.354699 seconds.
  path: Assets/Materials/Shadergraph/Teste.shadergraph
  artifactKey: Guid(fe6a5bc4b9ad11d4ebd2c5ba56230846) Importer(2089858483,934ff659095e30574adcf32a4c2f97b5)
Start importing Assets/Materials/Shadergraph/Teste.shadergraph using Guid(fe6a5bc4b9ad11d4ebd2c5ba56230846) Importer(2089858483,934ff659095e30574adcf32a4c2f97b5)  -> (artifact id: '2e5067277bcff1927c5f644d44340b5f') in 0.018782 seconds 
========================================================================
Received Import Request.
  Time since last request: 23.062404 seconds.
  path: Assets/Materials/Shadergraph/Teste.shadergraph
  artifactKey: Guid(fe6a5bc4b9ad11d4ebd2c5ba56230846) Importer(2089858483,934ff659095e30574adcf32a4c2f97b5)
Start importing Assets/Materials/Shadergraph/Teste.shadergraph using Guid(fe6a5bc4b9ad11d4ebd2c5ba56230846) Importer(2089858483,934ff659095e30574adcf32a4c2f97b5)  -> (artifact id: '067d8b9ccd6f02bd4eedff2602fdc1c9') in 0.138097 seconds 
========================================================================
Received Import Request.
  Time since last request: 162.355271 seconds.
  path: Assets/Materials/Shadergraph/Teste.shadergraph
  artifactKey: Guid(fe6a5bc4b9ad11d4ebd2c5ba56230846) Importer(2089858483,934ff659095e30574adcf32a4c2f97b5)
Start importing Assets/Materials/Shadergraph/Teste.shadergraph using Guid(fe6a5bc4b9ad11d4ebd2c5ba56230846) Importer(2089858483,934ff659095e30574adcf32a4c2f97b5)  -> (artifact id: '5ede40cae27edd0f5598658ffcf706ff') in 0.010674 seconds 
========================================================================
Received Import Request.
  Time since last request: 13.957278 seconds.
  path: Assets/Materials/Shadergraph/Teste.shadergraph
  artifactKey: Guid(fe6a5bc4b9ad11d4ebd2c5ba56230846) Importer(2089858483,934ff659095e30574adcf32a4c2f97b5)
Start importing Assets/Materials/Shadergraph/Teste.shadergraph using Guid(fe6a5bc4b9ad11d4ebd2c5ba56230846) Importer(2089858483,934ff659095e30574adcf32a4c2f97b5)  -> (artifact id: '212c3f2f19a984285850a18a82c7085c') in 0.014564 seconds 
========================================================================
Received Import Request.
  Time since last request: 13.635606 seconds.
  path: Assets/Materials/Shadergraph/Teste.shadergraph
  artifactKey: Guid(fe6a5bc4b9ad11d4ebd2c5ba56230846) Importer(2089858483,934ff659095e30574adcf32a4c2f97b5)
Start importing Assets/Materials/Shadergraph/Teste.shadergraph using Guid(fe6a5bc4b9ad11d4ebd2c5ba56230846) Importer(2089858483,934ff659095e30574adcf32a4c2f97b5)  -> (artifact id: '997e912afa540f44cf60dd5ad87c5900') in 0.083207 seconds 
========================================================================
Received Import Request.
  Time since last request: 38.363052 seconds.
  path: Assets/Materials/Shadergraph/Teste.shadergraph
  artifactKey: Guid(fe6a5bc4b9ad11d4ebd2c5ba56230846) Importer(2089858483,934ff659095e30574adcf32a4c2f97b5)
Start importing Assets/Materials/Shadergraph/Teste.shadergraph using Guid(fe6a5bc4b9ad11d4ebd2c5ba56230846) Importer(2089858483,934ff659095e30574adcf32a4c2f97b5)  -> (artifact id: 'ae4ea3de396f9aadc10845469fcbafe0') in 0.014068 seconds 
========================================================================
Received Import Request.
  Time since last request: 150.140622 seconds.
  path: Assets/Materials/Shadergraph/Teste.shadergraph
  artifactKey: Guid(fe6a5bc4b9ad11d4ebd2c5ba56230846) Importer(2089858483,934ff659095e30574adcf32a4c2f97b5)
Start importing Assets/Materials/Shadergraph/Teste.shadergraph using Guid(fe6a5bc4b9ad11d4ebd2c5ba56230846) Importer(2089858483,934ff659095e30574adcf32a4c2f97b5)  -> (artifact id: 'ae9b0fc1799a57619cacdfd0fdcc0811') in 0.037947 seconds 
========================================================================
Received Import Request.
  Time since last request: 19.777580 seconds.
  path: Assets/Materials/Shadergraph/Teste.shadergraph
  artifactKey: Guid(fe6a5bc4b9ad11d4ebd2c5ba56230846) Importer(2089858483,934ff659095e30574adcf32a4c2f97b5)
Start importing Assets/Materials/Shadergraph/Teste.shadergraph using Guid(fe6a5bc4b9ad11d4ebd2c5ba56230846) Importer(2089858483,934ff659095e30574adcf32a4c2f97b5)  -> (artifact id: '53ccf28a1dfdf73ac365ca52a94eff5b') in 0.021864 seconds 
========================================================================
Received Import Request.
  Time since last request: 21.578847 seconds.
  path: Assets/Materials/Shadergraph/Teste.shadergraph
  artifactKey: Guid(fe6a5bc4b9ad11d4ebd2c5ba56230846) Importer(2089858483,934ff659095e30574adcf32a4c2f97b5)
Start importing Assets/Materials/Shadergraph/Teste.shadergraph using Guid(fe6a5bc4b9ad11d4ebd2c5ba56230846) Importer(2089858483,934ff659095e30574adcf32a4c2f97b5)  -> (artifact id: '12451ff46e11ec34ff6da1b4d78e21e9') in 0.025986 seconds 
========================================================================
Received Import Request.
  Time since last request: 12.441025 seconds.
  path: Assets/Materials/Shadergraph/Teste.shadergraph
  artifactKey: Guid(fe6a5bc4b9ad11d4ebd2c5ba56230846) Importer(2089858483,934ff659095e30574adcf32a4c2f97b5)
Start importing Assets/Materials/Shadergraph/Teste.shadergraph using Guid(fe6a5bc4b9ad11d4ebd2c5ba56230846) Importer(2089858483,934ff659095e30574adcf32a4c2f97b5)  -> (artifact id: '156a066584450e1e8824cfc5034787b4') in 0.141110 seconds 
========================================================================
Received Import Request.
  Time since last request: 41.464948 seconds.
  path: Assets/Materials/Shadergraph/Teste.shadergraph
  artifactKey: Guid(fe6a5bc4b9ad11d4ebd2c5ba56230846) Importer(2089858483,934ff659095e30574adcf32a4c2f97b5)
Start importing Assets/Materials/Shadergraph/Teste.shadergraph using Guid(fe6a5bc4b9ad11d4ebd2c5ba56230846) Importer(2089858483,934ff659095e30574adcf32a4c2f97b5)  -> (artifact id: '0cbfd108ad3c55b8a819d06d38b4d3e0') in 0.193517 seconds 
========================================================================
Received Import Request.
  Time since last request: 127.683450 seconds.
  path: Assets/Materials/Shadergraph/Teste.shadergraph
  artifactKey: Guid(fe6a5bc4b9ad11d4ebd2c5ba56230846) Importer(2089858483,934ff659095e30574adcf32a4c2f97b5)
Start importing Assets/Materials/Shadergraph/Teste.shadergraph using Guid(fe6a5bc4b9ad11d4ebd2c5ba56230846) Importer(2089858483,934ff659095e30574adcf32a4c2f97b5)  -> (artifact id: 'bc8ff92a1e8d35d91ea2014601326564') in 0.017413 seconds 
========================================================================
Received Import Request.
  Time since last request: 9.759988 seconds.
  path: Assets/Materials/Shadergraph/Teste.shadergraph
  artifactKey: Guid(fe6a5bc4b9ad11d4ebd2c5ba56230846) Importer(2089858483,934ff659095e30574adcf32a4c2f97b5)
Start importing Assets/Materials/Shadergraph/Teste.shadergraph using Guid(fe6a5bc4b9ad11d4ebd2c5ba56230846) Importer(2089858483,934ff659095e30574adcf32a4c2f97b5)  -> (artifact id: '67021f845c88c23985f3e50f4c0b18ea') in 0.008081 seconds 
========================================================================
Received Import Request.
  Time since last request: 31.662252 seconds.
  path: Assets/Materials/Shadergraph/Teste.shadergraph
  artifactKey: Guid(fe6a5bc4b9ad11d4ebd2c5ba56230846) Importer(2089858483,934ff659095e30574adcf32a4c2f97b5)
Start importing Assets/Materials/Shadergraph/Teste.shadergraph using Guid(fe6a5bc4b9ad11d4ebd2c5ba56230846) Importer(2089858483,934ff659095e30574adcf32a4c2f97b5)  -> (artifact id: '9664d99407299077ee5aab71e861c3dc') in 0.011462 seconds 
========================================================================
Received Import Request.
  Time since last request: 6.994019 seconds.
  path: Assets/Materials/Shadergraph/Teste.shadergraph
  artifactKey: Guid(fe6a5bc4b9ad11d4ebd2c5ba56230846) Importer(2089858483,934ff659095e30574adcf32a4c2f97b5)
Start importing Assets/Materials/Shadergraph/Teste.shadergraph using Guid(fe6a5bc4b9ad11d4ebd2c5ba56230846) Importer(2089858483,934ff659095e30574adcf32a4c2f97b5)  -> (artifact id: '45c2c6610211ed31511895b3d25d2770') in 0.008881 seconds 
========================================================================
Received Import Request.
  Time since last request: 22.844224 seconds.
  path: Assets/Materials/Shadergraph/Teste.shadergraph
  artifactKey: Guid(fe6a5bc4b9ad11d4ebd2c5ba56230846) Importer(2089858483,934ff659095e30574adcf32a4c2f97b5)
Start importing Assets/Materials/Shadergraph/Teste.shadergraph using Guid(fe6a5bc4b9ad11d4ebd2c5ba56230846) Importer(2089858483,934ff659095e30574adcf32a4c2f97b5)  -> (artifact id: '09296066e4398cea291e4e3038807d41') in 0.728653 seconds 
========================================================================
Received Import Request.
  Time since last request: 47.627664 seconds.
  path: Assets/Materials/Shadergraph/Teste.shadergraph
  artifactKey: Guid(fe6a5bc4b9ad11d4ebd2c5ba56230846) Importer(2089858483,934ff659095e30574adcf32a4c2f97b5)
Start importing Assets/Materials/Shadergraph/Teste.shadergraph using Guid(fe6a5bc4b9ad11d4ebd2c5ba56230846) Importer(2089858483,934ff659095e30574adcf32a4c2f97b5)  -> (artifact id: '1f07af1435f04ffd4df6d2dae153ee73') in 0.009283 seconds 
========================================================================
Received Import Request.
  Time since last request: 49.196067 seconds.
  path: Assets/Materials/Shadergraph/Teste.shadergraph
  artifactKey: Guid(fe6a5bc4b9ad11d4ebd2c5ba56230846) Importer(2089858483,934ff659095e30574adcf32a4c2f97b5)
Start importing Assets/Materials/Shadergraph/Teste.shadergraph using Guid(fe6a5bc4b9ad11d4ebd2c5ba56230846) Importer(2089858483,934ff659095e30574adcf32a4c2f97b5)  -> (artifact id: 'd2b5bfba9d6a9372ec302aed470dfa98') in 0.010956 seconds 
========================================================================
Received Import Request.
  Time since last request: 8.908054 seconds.
  path: Assets/Materials/Shadergraph/Teste.shadergraph
  artifactKey: Guid(fe6a5bc4b9ad11d4ebd2c5ba56230846) Importer(2089858483,934ff659095e30574adcf32a4c2f97b5)
Start importing Assets/Materials/Shadergraph/Teste.shadergraph using Guid(fe6a5bc4b9ad11d4ebd2c5ba56230846) Importer(2089858483,934ff659095e30574adcf32a4c2f97b5)  -> (artifact id: 'cd26a8d3ffefee698b5f19cabc43c548') in 0.009688 seconds 
========================================================================
Received Import Request.
  Time since last request: 15.811720 seconds.
  path: Assets/Materials/Shadergraph/Teste.shadergraph
  artifactKey: Guid(fe6a5bc4b9ad11d4ebd2c5ba56230846) Importer(2089858483,934ff659095e30574adcf32a4c2f97b5)
Start importing Assets/Materials/Shadergraph/Teste.shadergraph using Guid(fe6a5bc4b9ad11d4ebd2c5ba56230846) Importer(2089858483,934ff659095e30574adcf32a4c2f97b5)  -> (artifact id: '4be4f545eb7a0dc8cc7e2640b34323d9') in 0.670639 seconds 
========================================================================
Received Import Request.
  Time since last request: 129.213641 seconds.
  path: Assets/Materials/Shadergraph/Teste.shadergraph
  artifactKey: Guid(fe6a5bc4b9ad11d4ebd2c5ba56230846) Importer(2089858483,934ff659095e30574adcf32a4c2f97b5)
Start importing Assets/Materials/Shadergraph/Teste.shadergraph using Guid(fe6a5bc4b9ad11d4ebd2c5ba56230846) Importer(2089858483,934ff659095e30574adcf32a4c2f97b5)  -> (artifact id: '13658022f3b0ab5caa08f9c36dea8f6c') in 0.011250 seconds 
========================================================================
Received Import Request.
  Time since last request: 27.839101 seconds.
  path: Assets/Materials/Shadergraph/Teste.shadergraph
  artifactKey: Guid(fe6a5bc4b9ad11d4ebd2c5ba56230846) Importer(2089858483,934ff659095e30574adcf32a4c2f97b5)
Start importing Assets/Materials/Shadergraph/Teste.shadergraph using Guid(fe6a5bc4b9ad11d4ebd2c5ba56230846) Importer(2089858483,934ff659095e30574adcf32a4c2f97b5)  -> (artifact id: '967dc2dc7b238690466b3e89799c7095') in 0.010887 seconds 
========================================================================
Received Import Request.
  Time since last request: 431.999686 seconds.
  path: Assets/Materials/Shadergraph/Teste.shadergraph
  artifactKey: Guid(fe6a5bc4b9ad11d4ebd2c5ba56230846) Importer(2089858483,934ff659095e30574adcf32a4c2f97b5)
Start importing Assets/Materials/Shadergraph/Teste.shadergraph using Guid(fe6a5bc4b9ad11d4ebd2c5ba56230846) Importer(2089858483,934ff659095e30574adcf32a4c2f97b5)  -> (artifact id: '131185aa4e7247cbc9844ed869477720') in 0.011216 seconds 
========================================================================
Received Import Request.
  Time since last request: 599.637447 seconds.
  path: Assets/Materials/Shadergraph/Teste.shadergraph
  artifactKey: Guid(fe6a5bc4b9ad11d4ebd2c5ba56230846) Importer(2089858483,934ff659095e30574adcf32a4c2f97b5)
Start importing Assets/Materials/Shadergraph/Teste.shadergraph using Guid(fe6a5bc4b9ad11d4ebd2c5ba56230846) Importer(2089858483,934ff659095e30574adcf32a4c2f97b5)  -> (artifact id: '1d841c53eaa97faac0f3523ac49054af') in 0.008025 seconds 
========================================================================
Received Import Request.
  Time since last request: 75.575357 seconds.
  path: Assets/Materials/Shadergraph/Teste.shadergraph
  artifactKey: Guid(fe6a5bc4b9ad11d4ebd2c5ba56230846) Importer(2089858483,934ff659095e30574adcf32a4c2f97b5)
Start importing Assets/Materials/Shadergraph/Teste.shadergraph using Guid(fe6a5bc4b9ad11d4ebd2c5ba56230846) Importer(2089858483,934ff659095e30574adcf32a4c2f97b5)  -> (artifact id: '7a94cb9bf518800a316008b922ec067d') in 0.383851 seconds 
========================================================================
Received Import Request.
  Time since last request: 2196.387291 seconds.
  path: Assets/Materials/Shadergraph/Teste.shadergraph
  artifactKey: Guid(fe6a5bc4b9ad11d4ebd2c5ba56230846) Importer(2089858483,934ff659095e30574adcf32a4c2f97b5)
Start importing Assets/Materials/Shadergraph/Teste.shadergraph using Guid(fe6a5bc4b9ad11d4ebd2c5ba56230846) Importer(2089858483,934ff659095e30574adcf32a4c2f97b5)  -> (artifact id: '221fe26689789cb8f091657131d8e29f') in 0.042572 seconds 
========================================================================
Received Import Request.
  Time since last request: 17.004126 seconds.
  path: Assets/Materials/Shadergraph/Teste.shadergraph
  artifactKey: Guid(fe6a5bc4b9ad11d4ebd2c5ba56230846) Importer(2089858483,934ff659095e30574adcf32a4c2f97b5)
Start importing Assets/Materials/Shadergraph/Teste.shadergraph using Guid(fe6a5bc4b9ad11d4ebd2c5ba56230846) Importer(2089858483,934ff659095e30574adcf32a4c2f97b5)  -> (artifact id: '75c47ade176d2eca224acffa509ae055') in 0.051573 seconds 
========================================================================
Received Import Request.
  Time since last request: 597.207614 seconds.
  path: Assets/Materials/Shadergraph/teste.mat
  artifactKey: Guid(c8fbdf69cb287204683090d8bcc73605) Importer(815301076,1909f56bfc062723c751e8b465ee728b)
Start importing Assets/Materials/Shadergraph/teste.mat using Guid(c8fbdf69cb287204683090d8bcc73605) Importer(815301076,1909f56bfc062723c751e8b465ee728b)  -> (artifact id: 'b71d8ddf7415e6a6270b0950d2419b52') in 0.246813 seconds 
========================================================================
Received Import Request.
  Time since last request: 0.693961 seconds.
  path: Assets/Materials/Shadergraph/teste.mat
  artifactKey: Guid(c8fbdf69cb287204683090d8bcc73605) Importer(2089858483,934ff659095e30574adcf32a4c2f97b5)
Start importing Assets/Materials/Shadergraph/teste.mat using Guid(c8fbdf69cb287204683090d8bcc73605) Importer(2089858483,934ff659095e30574adcf32a4c2f97b5)  -> (artifact id: '585de5bd6b85f0914a764a6c4a8f3237') in 0.036250 seconds 
========================================================================
Received Import Request.
  Time since last request: 0.000459 seconds.
  path: Assets/Scenes/Game.unity
  artifactKey: Guid(9256642f65f2aa84195d1d830415d541) Importer(2089858483,934ff659095e30574adcf32a4c2f97b5)
Start importing Assets/Scenes/Game.unity using Guid(9256642f65f2aa84195d1d830415d541) Importer(2089858483,934ff659095e30574adcf32a4c2f97b5)  -> (artifact id: 'd71ec091d177a81d5dda10b04ccced1f') in 0.017730 seconds 
========================================================================
Received Import Request.
  Time since last request: 365.076869 seconds.
  path: Assets/Materials/Shadergraph/Teste.shadergraph
  artifactKey: Guid(fe6a5bc4b9ad11d4ebd2c5ba56230846) Importer(2089858483,934ff659095e30574adcf32a4c2f97b5)
Start importing Assets/Materials/Shadergraph/Teste.shadergraph using Guid(fe6a5bc4b9ad11d4ebd2c5ba56230846) Importer(2089858483,934ff659095e30574adcf32a4c2f97b5)  -> (artifact id: '89b0e7c27b61b643b7c65988d2792366') in 0.014760 seconds 
========================================================================
Received Import Request.
  Time since last request: 61.894633 seconds.
  path: Assets/Materials/Shadergraph/Teste.shadergraph
  artifactKey: Guid(fe6a5bc4b9ad11d4ebd2c5ba56230846) Importer(2089858483,934ff659095e30574adcf32a4c2f97b5)
Start importing Assets/Materials/Shadergraph/Teste.shadergraph using Guid(fe6a5bc4b9ad11d4ebd2c5ba56230846) Importer(2089858483,934ff659095e30574adcf32a4c2f97b5)  -> (artifact id: '982ae337b54017b18d15edc5143b1199') in 0.011351 seconds 
========================================================================
Received Import Request.
  Time since last request: 73.794001 seconds.
  path: Assets/Materials/Shadergraph/Teste.shadergraph
  artifactKey: Guid(fe6a5bc4b9ad11d4ebd2c5ba56230846) Importer(2089858483,934ff659095e30574adcf32a4c2f97b5)
Start importing Assets/Materials/Shadergraph/Teste.shadergraph using Guid(fe6a5bc4b9ad11d4ebd2c5ba56230846) Importer(2089858483,934ff659095e30574adcf32a4c2f97b5)  -> (artifact id: '80480256c1d5ed1418773c7bba4b73e1') in 0.010523 seconds 
========================================================================
Received Import Request.
  Time since last request: 16.842303 seconds.
  path: Assets/Materials/Shadergraph/Teste.shadergraph
  artifactKey: Guid(fe6a5bc4b9ad11d4ebd2c5ba56230846) Importer(2089858483,934ff659095e30574adcf32a4c2f97b5)
Start importing Assets/Materials/Shadergraph/Teste.shadergraph using Guid(fe6a5bc4b9ad11d4ebd2c5ba56230846) Importer(2089858483,934ff659095e30574adcf32a4c2f97b5)  -> (artifact id: '8a1f2ae05125ddc1ef131603d412baf3') in 0.012552 seconds 
========================================================================
Received Import Request.
  Time since last request: 8.246858 seconds.
  path: Assets/Materials/Shadergraph/Teste.shadergraph
  artifactKey: Guid(fe6a5bc4b9ad11d4ebd2c5ba56230846) Importer(2089858483,934ff659095e30574adcf32a4c2f97b5)
Start importing Assets/Materials/Shadergraph/Teste.shadergraph using Guid(fe6a5bc4b9ad11d4ebd2c5ba56230846) Importer(2089858483,934ff659095e30574adcf32a4c2f97b5)  -> (artifact id: 'ec3ee816eeaeb2ad8bb5e468b5e511dc') in 0.028127 seconds 
========================================================================
Received Import Request.
  Time since last request: 50.736233 seconds.
  path: Assets/Materials/Shadergraph/Teste.shadergraph
  artifactKey: Guid(fe6a5bc4b9ad11d4ebd2c5ba56230846) Importer(2089858483,934ff659095e30574adcf32a4c2f97b5)
Start importing Assets/Materials/Shadergraph/Teste.shadergraph using Guid(fe6a5bc4b9ad11d4ebd2c5ba56230846) Importer(2089858483,934ff659095e30574adcf32a4c2f97b5)  -> (artifact id: '71df98fd723b6ae1b64064bab5ecbe34') in 0.018165 seconds 
========================================================================
Received Import Request.
  Time since last request: 41.394092 seconds.
  path: Assets/Materials/Shadergraph/Teste.shadergraph
  artifactKey: Guid(fe6a5bc4b9ad11d4ebd2c5ba56230846) Importer(2089858483,934ff659095e30574adcf32a4c2f97b5)
Start importing Assets/Materials/Shadergraph/Teste.shadergraph using Guid(fe6a5bc4b9ad11d4ebd2c5ba56230846) Importer(2089858483,934ff659095e30574adcf32a4c2f97b5)  -> (artifact id: '0dd16d8c87f22c75f1b9cdcf3e34d55d') in 0.018076 seconds 
========================================================================
Received Import Request.
  Time since last request: 52.812646 seconds.
  path: Assets/Materials/Shadergraph/Teste.shadergraph
  artifactKey: Guid(fe6a5bc4b9ad11d4ebd2c5ba56230846) Importer(2089858483,934ff659095e30574adcf32a4c2f97b5)
Start importing Assets/Materials/Shadergraph/Teste.shadergraph using Guid(fe6a5bc4b9ad11d4ebd2c5ba56230846) Importer(2089858483,934ff659095e30574adcf32a4c2f97b5)  -> (artifact id: '060963f074b6731012f31d07e01ff92a') in 0.009746 seconds 
========================================================================
Received Import Request.
  Time since last request: 20.233569 seconds.
  path: Assets/Materials/Shadergraph/Teste.shadergraph
  artifactKey: Guid(fe6a5bc4b9ad11d4ebd2c5ba56230846) Importer(2089858483,934ff659095e30574adcf32a4c2f97b5)
Start importing Assets/Materials/Shadergraph/Teste.shadergraph using Guid(fe6a5bc4b9ad11d4ebd2c5ba56230846) Importer(2089858483,934ff659095e30574adcf32a4c2f97b5)  -> (artifact id: 'a3b70eb3c37136ddede41ae951352a2c') in 0.010707 seconds 
========================================================================
Received Import Request.
  Time since last request: 149.342152 seconds.
  path: Assets/Materials/Shadergraph/Teste.shadergraph
  artifactKey: Guid(fe6a5bc4b9ad11d4ebd2c5ba56230846) Importer(2089858483,934ff659095e30574adcf32a4c2f97b5)
Start importing Assets/Materials/Shadergraph/Teste.shadergraph using Guid(fe6a5bc4b9ad11d4ebd2c5ba56230846) Importer(2089858483,934ff659095e30574adcf32a4c2f97b5)  -> (artifact id: '1fecc9677bb95aa1396444774074103e') in 0.149917 seconds 
========================================================================
Received Import Request.
  Time since last request: 15.191426 seconds.
  path: Assets/Materials/Shadergraph/Teste.shadergraph
  artifactKey: Guid(fe6a5bc4b9ad11d4ebd2c5ba56230846) Importer(2089858483,934ff659095e30574adcf32a4c2f97b5)
Start importing Assets/Materials/Shadergraph/Teste.shadergraph using Guid(fe6a5bc4b9ad11d4ebd2c5ba56230846) Importer(2089858483,934ff659095e30574adcf32a4c2f97b5)  -> (artifact id: '3a083612cf6c41d77ddaf6896c9dbabe') in 0.011853 seconds 
========================================================================
Received Import Request.
  Time since last request: 10.284285 seconds.
  path: Assets/Materials/Shadergraph/Teste.shadergraph
  artifactKey: Guid(fe6a5bc4b9ad11d4ebd2c5ba56230846) Importer(2089858483,934ff659095e30574adcf32a4c2f97b5)
Start importing Assets/Materials/Shadergraph/Teste.shadergraph using Guid(fe6a5bc4b9ad11d4ebd2c5ba56230846) Importer(2089858483,934ff659095e30574adcf32a4c2f97b5)  -> (artifact id: '1aa022c6cd9974c5c9ed302e2db6d51a') in 0.053529 seconds 
========================================================================
Received Import Request.
  Time since last request: 23.915729 seconds.
  path: Assets/Materials/Shadergraph/Teste.shadergraph
  artifactKey: Guid(fe6a5bc4b9ad11d4ebd2c5ba56230846) Importer(2089858483,934ff659095e30574adcf32a4c2f97b5)
Start importing Assets/Materials/Shadergraph/Teste.shadergraph using Guid(fe6a5bc4b9ad11d4ebd2c5ba56230846) Importer(2089858483,934ff659095e30574adcf32a4c2f97b5)  -> (artifact id: '7f12f813d11c0c6022af4c160f331863') in 0.007767 seconds 
========================================================================
Received Import Request.
  Time since last request: 35.313605 seconds.
  path: Assets/Materials/Shadergraph/Teste.shadergraph
  artifactKey: Guid(fe6a5bc4b9ad11d4ebd2c5ba56230846) Importer(2089858483,934ff659095e30574adcf32a4c2f97b5)
Start importing Assets/Materials/Shadergraph/Teste.shadergraph using Guid(fe6a5bc4b9ad11d4ebd2c5ba56230846) Importer(2089858483,934ff659095e30574adcf32a4c2f97b5)  -> (artifact id: 'b89f0e77f44ef20c9780b0ed6a178b71') in 0.293698 seconds 
========================================================================
Received Import Request.
  Time since last request: 66.901264 seconds.
  path: Assets/Materials/Shadergraph/Teste.shadergraph
  artifactKey: Guid(fe6a5bc4b9ad11d4ebd2c5ba56230846) Importer(2089858483,934ff659095e30574adcf32a4c2f97b5)
Start importing Assets/Materials/Shadergraph/Teste.shadergraph using Guid(fe6a5bc4b9ad11d4ebd2c5ba56230846) Importer(2089858483,934ff659095e30574adcf32a4c2f97b5)  -> (artifact id: '74e7abaaaeec48e32a444a36ba0ce415') in 0.009312 seconds 
========================================================================
Received Import Request.
  Time since last request: 38.246231 seconds.
  path: Assets/Materials/Shadergraph/Teste.shadergraph
  artifactKey: Guid(fe6a5bc4b9ad11d4ebd2c5ba56230846) Importer(2089858483,934ff659095e30574adcf32a4c2f97b5)
Start importing Assets/Materials/Shadergraph/Teste.shadergraph using Guid(fe6a5bc4b9ad11d4ebd2c5ba56230846) Importer(2089858483,934ff659095e30574adcf32a4c2f97b5)  -> (artifact id: '8dfc5144753c59fb218e9cb3e1a66be1') in 0.243054 seconds 
========================================================================
Received Import Request.
  Time since last request: 62.688916 seconds.
  path: Assets/Materials/Shadergraph/Teste.shadergraph
  artifactKey: Guid(fe6a5bc4b9ad11d4ebd2c5ba56230846) Importer(2089858483,934ff659095e30574adcf32a4c2f97b5)
Start importing Assets/Materials/Shadergraph/Teste.shadergraph using Guid(fe6a5bc4b9ad11d4ebd2c5ba56230846) Importer(2089858483,934ff659095e30574adcf32a4c2f97b5)  -> (artifact id: '6c800a4ed0163bbb8174069363f51a0b') in 0.598257 seconds 
========================================================================
Received Import Request.
  Time since last request: 49.481221 seconds.
  path: Assets/Materials/Shadergraph/Teste.shadergraph
  artifactKey: Guid(fe6a5bc4b9ad11d4ebd2c5ba56230846) Importer(2089858483,934ff659095e30574adcf32a4c2f97b5)
Start importing Assets/Materials/Shadergraph/Teste.shadergraph using Guid(fe6a5bc4b9ad11d4ebd2c5ba56230846) Importer(2089858483,934ff659095e30574adcf32a4c2f97b5)  -> (artifact id: 'd79c587dc94e0cf27fc8c2c90d004725') in 0.017220 seconds 
========================================================================
Received Import Request.
  Time since last request: 20.028142 seconds.
  path: Assets/Materials/Shadergraph/Teste.shadergraph
  artifactKey: Guid(fe6a5bc4b9ad11d4ebd2c5ba56230846) Importer(2089858483,934ff659095e30574adcf32a4c2f97b5)
Start importing Assets/Materials/Shadergraph/Teste.shadergraph using Guid(fe6a5bc4b9ad11d4ebd2c5ba56230846) Importer(2089858483,934ff659095e30574adcf32a4c2f97b5)  -> (artifact id: '600eed9a8483a24ebd030fce9a5a1116') in 0.012601 seconds 
========================================================================
Received Import Request.
  Time since last request: 31.504032 seconds.
  path: Assets/Materials/Shadergraph/Teste.shadergraph
  artifactKey: Guid(fe6a5bc4b9ad11d4ebd2c5ba56230846) Importer(2089858483,934ff659095e30574adcf32a4c2f97b5)
Start importing Assets/Materials/Shadergraph/Teste.shadergraph using Guid(fe6a5bc4b9ad11d4ebd2c5ba56230846) Importer(2089858483,934ff659095e30574adcf32a4c2f97b5)  -> (artifact id: '331a98abb04211ef799953b45c495364') in 0.010679 seconds 
========================================================================
Received Import Request.
  Time since last request: 41.401782 seconds.
  path: Assets/Materials/Shadergraph/Teste.shadergraph
  artifactKey: Guid(fe6a5bc4b9ad11d4ebd2c5ba56230846) Importer(2089858483,934ff659095e30574adcf32a4c2f97b5)
Start importing Assets/Materials/Shadergraph/Teste.shadergraph using Guid(fe6a5bc4b9ad11d4ebd2c5ba56230846) Importer(2089858483,934ff659095e30574adcf32a4c2f97b5)  -> (artifact id: '89e912616c3b9a128d3854d0ddc820bd') in 0.017407 seconds 
========================================================================
Received Import Request.
  Time since last request: 46.542660 seconds.
  path: Assets/Materials/Shadergraph/Teste.shadergraph
  artifactKey: Guid(fe6a5bc4b9ad11d4ebd2c5ba56230846) Importer(2089858483,934ff659095e30574adcf32a4c2f97b5)
Start importing Assets/Materials/Shadergraph/Teste.shadergraph using Guid(fe6a5bc4b9ad11d4ebd2c5ba56230846) Importer(2089858483,934ff659095e30574adcf32a4c2f97b5)  -> (artifact id: '4cd6d6b7bf8f4118339bdbafd6bfbe36') in 0.022036 seconds 
========================================================================
Received Import Request.
  Time since last request: 1458.672408 seconds.
  path: Assets/Materials/Shadergraph/Teste.shadergraph
  artifactKey: Guid(fe6a5bc4b9ad11d4ebd2c5ba56230846) Importer(2089858483,934ff659095e30574adcf32a4c2f97b5)
Start importing Assets/Materials/Shadergraph/Teste.shadergraph using Guid(fe6a5bc4b9ad11d4ebd2c5ba56230846) Importer(2089858483,934ff659095e30574adcf32a4c2f97b5)  -> (artifact id: 'cced72376c1d53e0f5f8b3b2afa4d200') in 0.373748 seconds 
========================================================================
Received Import Request.
  Time since last request: 733.324766 seconds.
  path: Assets/Materials/Shadergraph/Teste.shadergraph
  artifactKey: Guid(fe6a5bc4b9ad11d4ebd2c5ba56230846) Importer(2089858483,934ff659095e30574adcf32a4c2f97b5)
Start importing Assets/Materials/Shadergraph/Teste.shadergraph using Guid(fe6a5bc4b9ad11d4ebd2c5ba56230846) Importer(2089858483,934ff659095e30574adcf32a4c2f97b5)  -> (artifact id: '0d58ff7f10f53a9a335b3be5b2517371') in 0.015600 seconds 
========================================================================
Received Import Request.
  Time since last request: 77.717532 seconds.
  path: Assets/Materials/Shadergraph/Teste.shadergraph
  artifactKey: Guid(fe6a5bc4b9ad11d4ebd2c5ba56230846) Importer(2089858483,934ff659095e30574adcf32a4c2f97b5)
Start importing Assets/Materials/Shadergraph/Teste.shadergraph using Guid(fe6a5bc4b9ad11d4ebd2c5ba56230846) Importer(2089858483,934ff659095e30574adcf32a4c2f97b5)  -> (artifact id: '103604517acca53c52c5feebacebb93a') in 0.032123 seconds 
========================================================================
Received Import Request.
  Time since last request: 105.746234 seconds.
  path: Assets/Materials/Shadergraph/Teste.shadergraph
  artifactKey: Guid(fe6a5bc4b9ad11d4ebd2c5ba56230846) Importer(2089858483,934ff659095e30574adcf32a4c2f97b5)
Start importing Assets/Materials/Shadergraph/Teste.shadergraph using Guid(fe6a5bc4b9ad11d4ebd2c5ba56230846) Importer(2089858483,934ff659095e30574adcf32a4c2f97b5)  -> (artifact id: '4163c467581e424a597398b8ff4ef9a5') in 0.046617 seconds 
========================================================================
Received Import Request.
  Time since last request: 8.898290 seconds.
  path: Assets/Materials/Shadergraph/Teste.shadergraph
  artifactKey: Guid(fe6a5bc4b9ad11d4ebd2c5ba56230846) Importer(2089858483,934ff659095e30574adcf32a4c2f97b5)
Start importing Assets/Materials/Shadergraph/Teste.shadergraph using Guid(fe6a5bc4b9ad11d4ebd2c5ba56230846) Importer(2089858483,934ff659095e30574adcf32a4c2f97b5)  -> (artifact id: '209ec29c1cdba76bf7deb78883fa84a1') in 0.013937 seconds 
========================================================================
Received Import Request.
  Time since last request: 2230.087609 seconds.
  path: Assets/Materials/Shadergraph/teste.mat
  artifactKey: Guid(c8fbdf69cb287204683090d8bcc73605) Importer(815301076,1909f56bfc062723c751e8b465ee728b)
Start importing Assets/Materials/Shadergraph/teste.mat using Guid(c8fbdf69cb287204683090d8bcc73605) Importer(815301076,1909f56bfc062723c751e8b465ee728b)  -> (artifact id: '86431de8eff6dca7ad4639caa7f24d4e') in 0.138192 seconds 
========================================================================
Received Import Request.
  Time since last request: 0.820559 seconds.
  path: Assets/Materials/Shadergraph/teste.mat
  artifactKey: Guid(c8fbdf69cb287204683090d8bcc73605) Importer(2089858483,934ff659095e30574adcf32a4c2f97b5)
Start importing Assets/Materials/Shadergraph/teste.mat using Guid(c8fbdf69cb287204683090d8bcc73605) Importer(2089858483,934ff659095e30574adcf32a4c2f97b5)  -> (artifact id: '13087802a56de9c04ec7bc909a15cac9') in 0.026674 seconds 
========================================================================
Received Import Request.
  Time since last request: 0.000913 seconds.
  path: Assets/Scenes/Game.unity
  artifactKey: Guid(9256642f65f2aa84195d1d830415d541) Importer(2089858483,934ff659095e30574adcf32a4c2f97b5)
Start importing Assets/Scenes/Game.unity using Guid(9256642f65f2aa84195d1d830415d541) Importer(2089858483,934ff659095e30574adcf32a4c2f97b5)  -> (artifact id: '9fa10f00adb63f593ec26b7f1fb5a0c0') in 0.028790 seconds 
========================================================================
Received Import Request.
  Time since last request: 164.294074 seconds.
  path: Assets/Materials/Shadergraph/Teste.shadergraph
  artifactKey: Guid(fe6a5bc4b9ad11d4ebd2c5ba56230846) Importer(2089858483,934ff659095e30574adcf32a4c2f97b5)
Start importing Assets/Materials/Shadergraph/Teste.shadergraph using Guid(fe6a5bc4b9ad11d4ebd2c5ba56230846) Importer(2089858483,934ff659095e30574adcf32a4c2f97b5)  -> (artifact id: 'ad9bb9526947c992850328bbf445d605') in 0.013787 seconds 
========================================================================
Received Import Request.
  Time since last request: 46.780282 seconds.
  path: Assets/Materials/Shadergraph/Teste.shadergraph
  artifactKey: Guid(fe6a5bc4b9ad11d4ebd2c5ba56230846) Importer(2089858483,934ff659095e30574adcf32a4c2f97b5)
Start importing Assets/Materials/Shadergraph/Teste.shadergraph using Guid(fe6a5bc4b9ad11d4ebd2c5ba56230846) Importer(2089858483,934ff659095e30574adcf32a4c2f97b5)  -> (artifact id: 'd9ee3507fdb8f92a5aad07e45bfec75e') in 0.009654 seconds 
========================================================================
Received Import Request.
  Time since last request: 29.762133 seconds.
  path: Assets/Materials/Shadergraph/Teste.shadergraph
  artifactKey: Guid(fe6a5bc4b9ad11d4ebd2c5ba56230846) Importer(2089858483,934ff659095e30574adcf32a4c2f97b5)
Start importing Assets/Materials/Shadergraph/Teste.shadergraph using Guid(fe6a5bc4b9ad11d4ebd2c5ba56230846) Importer(2089858483,934ff659095e30574adcf32a4c2f97b5)  -> (artifact id: '8caeb51e9ac4f36d0a13b1b212ff1228') in 0.011982 seconds 
========================================================================
Received Import Request.
  Time since last request: 26.550227 seconds.
  path: Assets/Materials/Shadergraph/Teste.shadergraph
  artifactKey: Guid(fe6a5bc4b9ad11d4ebd2c5ba56230846) Importer(2089858483,934ff659095e30574adcf32a4c2f97b5)
Start importing Assets/Materials/Shadergraph/Teste.shadergraph using Guid(fe6a5bc4b9ad11d4ebd2c5ba56230846) Importer(2089858483,934ff659095e30574adcf32a4c2f97b5)  -> (artifact id: '3c8adfffb91e321733de84ee2f5594f1') in 0.012269 seconds 
========================================================================
Received Import Request.
  Time since last request: 85.637299 seconds.
  path: Assets/Materials/Shadergraph/Teste.shadergraph
  artifactKey: Guid(fe6a5bc4b9ad11d4ebd2c5ba56230846) Importer(2089858483,934ff659095e30574adcf32a4c2f97b5)
Start importing Assets/Materials/Shadergraph/Teste.shadergraph using Guid(fe6a5bc4b9ad11d4ebd2c5ba56230846) Importer(2089858483,934ff659095e30574adcf32a4c2f97b5)  -> (artifact id: '5842b49ff44be983f6304eff03abd03c') in 0.013403 seconds 
========================================================================
Received Import Request.
  Time since last request: 45.604327 seconds.
  path: Assets/Materials/Shadergraph/Teste.shadergraph
  artifactKey: Guid(fe6a5bc4b9ad11d4ebd2c5ba56230846) Importer(2089858483,934ff659095e30574adcf32a4c2f97b5)
Start importing Assets/Materials/Shadergraph/Teste.shadergraph using Guid(fe6a5bc4b9ad11d4ebd2c5ba56230846) Importer(2089858483,934ff659095e30574adcf32a4c2f97b5)  -> (artifact id: '941454297780f8d57a70a093a554c651') in 0.008181 seconds 
========================================================================
Received Import Request.
  Time since last request: 23.186045 seconds.
  path: Assets/Materials/Shadergraph/Teste.shadergraph
  artifactKey: Guid(fe6a5bc4b9ad11d4ebd2c5ba56230846) Importer(2089858483,934ff659095e30574adcf32a4c2f97b5)
Start importing Assets/Materials/Shadergraph/Teste.shadergraph using Guid(fe6a5bc4b9ad11d4ebd2c5ba56230846) Importer(2089858483,934ff659095e30574adcf32a4c2f97b5)  -> (artifact id: 'cfd1620996562d414a506b205295071b') in 0.015671 seconds 
========================================================================
Received Import Request.
  Time since last request: 28.770051 seconds.
  path: Assets/Materials/Shadergraph/Teste.shadergraph
  artifactKey: Guid(fe6a5bc4b9ad11d4ebd2c5ba56230846) Importer(2089858483,934ff659095e30574adcf32a4c2f97b5)
Start importing Assets/Materials/Shadergraph/Teste.shadergraph using Guid(fe6a5bc4b9ad11d4ebd2c5ba56230846) Importer(2089858483,934ff659095e30574adcf32a4c2f97b5)  -> (artifact id: '61b4fea9ff52f08369b879327d10e666') in 0.008994 seconds 
========================================================================
Received Import Request.
  Time since last request: 46.339234 seconds.
  path: Assets/Materials/Shadergraph/Teste.shadergraph
  artifactKey: Guid(fe6a5bc4b9ad11d4ebd2c5ba56230846) Importer(2089858483,934ff659095e30574adcf32a4c2f97b5)
Start importing Assets/Materials/Shadergraph/Teste.shadergraph using Guid(fe6a5bc4b9ad11d4ebd2c5ba56230846) Importer(2089858483,934ff659095e30574adcf32a4c2f97b5)  -> (artifact id: '5a15b618bb9d3cf98800729d57e44937') in 0.012125 seconds 
========================================================================
Received Import Request.
  Time since last request: 20.304872 seconds.
  path: Assets/Materials/Shadergraph/Teste.shadergraph
  artifactKey: Guid(fe6a5bc4b9ad11d4ebd2c5ba56230846) Importer(2089858483,934ff659095e30574adcf32a4c2f97b5)
Start importing Assets/Materials/Shadergraph/Teste.shadergraph using Guid(fe6a5bc4b9ad11d4ebd2c5ba56230846) Importer(2089858483,934ff659095e30574adcf32a4c2f97b5)  -> (artifact id: 'c1881520d79ec1db266ebeeb58c5b77a') in 0.154923 seconds 
========================================================================
Received Import Request.
  Time since last request: 63.244654 seconds.
  path: Assets/Materials/Shadergraph/Teste.shadergraph
  artifactKey: Guid(fe6a5bc4b9ad11d4ebd2c5ba56230846) Importer(2089858483,934ff659095e30574adcf32a4c2f97b5)
Start importing Assets/Materials/Shadergraph/Teste.shadergraph using Guid(fe6a5bc4b9ad11d4ebd2c5ba56230846) Importer(2089858483,934ff659095e30574adcf32a4c2f97b5)  -> (artifact id: '85ce3c1296ace43286cb7c52e069afb5') in 0.009791 seconds 
========================================================================
Received Import Request.
  Time since last request: 10.320920 seconds.
  path: Assets/Materials/Shadergraph/Teste.shadergraph
  artifactKey: Guid(fe6a5bc4b9ad11d4ebd2c5ba56230846) Importer(2089858483,934ff659095e30574adcf32a4c2f97b5)
Start importing Assets/Materials/Shadergraph/Teste.shadergraph using Guid(fe6a5bc4b9ad11d4ebd2c5ba56230846) Importer(2089858483,934ff659095e30574adcf32a4c2f97b5)  -> (artifact id: '48e19266206bf2388c8bca8db143ce06') in 0.018237 seconds 
========================================================================
Received Import Request.
  Time since last request: 24.869812 seconds.
  path: Assets/Materials/Shadergraph/Teste.shadergraph
  artifactKey: Guid(fe6a5bc4b9ad11d4ebd2c5ba56230846) Importer(2089858483,934ff659095e30574adcf32a4c2f97b5)
Start importing Assets/Materials/Shadergraph/Teste.shadergraph using Guid(fe6a5bc4b9ad11d4ebd2c5ba56230846) Importer(2089858483,934ff659095e30574adcf32a4c2f97b5)  -> (artifact id: 'f70ba6aa18ad2559574e9ecbd4cce049') in 0.011000 seconds 
========================================================================
Received Import Request.
  Time since last request: 42.309984 seconds.
  path: Assets/Materials/Shadergraph/Teste.shadergraph
  artifactKey: Guid(fe6a5bc4b9ad11d4ebd2c5ba56230846) Importer(2089858483,934ff659095e30574adcf32a4c2f97b5)
Start importing Assets/Materials/Shadergraph/Teste.shadergraph using Guid(fe6a5bc4b9ad11d4ebd2c5ba56230846) Importer(2089858483,934ff659095e30574adcf32a4c2f97b5)  -> (artifact id: 'ab5bc51ac8b1d71acab85642f4dd1d0f') in 0.186538 seconds 
========================================================================
Received Import Request.
  Time since last request: 132.460337 seconds.
  path: Assets/Materials/Shadergraph/Teste.shadergraph
  artifactKey: Guid(fe6a5bc4b9ad11d4ebd2c5ba56230846) Importer(2089858483,934ff659095e30574adcf32a4c2f97b5)
Start importing Assets/Materials/Shadergraph/Teste.shadergraph using Guid(fe6a5bc4b9ad11d4ebd2c5ba56230846) Importer(2089858483,934ff659095e30574adcf32a4c2f97b5)  -> (artifact id: '1f5f1b73d7a561af35c9122eccdff245') in 0.014368 seconds 
========================================================================
Received Import Request.
  Time since last request: 14.005660 seconds.
  path: Assets/Materials/Shadergraph/Teste.shadergraph
  artifactKey: Guid(fe6a5bc4b9ad11d4ebd2c5ba56230846) Importer(2089858483,934ff659095e30574adcf32a4c2f97b5)
Start importing Assets/Materials/Shadergraph/Teste.shadergraph using Guid(fe6a5bc4b9ad11d4ebd2c5ba56230846) Importer(2089858483,934ff659095e30574adcf32a4c2f97b5)  -> (artifact id: 'c5d15562e0b9b71fed15a8d69dd8f485') in 0.012865 seconds 
========================================================================
Received Import Request.
  Time since last request: 67.156003 seconds.
  path: Assets/Materials/Shadergraph/Teste.shadergraph
  artifactKey: Guid(fe6a5bc4b9ad11d4ebd2c5ba56230846) Importer(2089858483,934ff659095e30574adcf32a4c2f97b5)
Start importing Assets/Materials/Shadergraph/Teste.shadergraph using Guid(fe6a5bc4b9ad11d4ebd2c5ba56230846) Importer(2089858483,934ff659095e30574adcf32a4c2f97b5)  -> (artifact id: '65ad4138995ce1cd09eb3a31f9367017') in 0.011687 seconds 
========================================================================
Received Import Request.
  Time since last request: 261.825974 seconds.
  path: Assets/Materials/Shadergraph/Teste.shadergraph
  artifactKey: Guid(fe6a5bc4b9ad11d4ebd2c5ba56230846) Importer(2089858483,934ff659095e30574adcf32a4c2f97b5)
Start importing Assets/Materials/Shadergraph/Teste.shadergraph using Guid(fe6a5bc4b9ad11d4ebd2c5ba56230846) Importer(2089858483,934ff659095e30574adcf32a4c2f97b5)  -> (artifact id: 'c6855f9665046143b11f6b6e68ff0701') in 0.180305 seconds 
========================================================================
Received Import Request.
  Time since last request: 38.504935 seconds.
  path: Assets/Materials/Shadergraph/Teste.shadergraph
  artifactKey: Guid(fe6a5bc4b9ad11d4ebd2c5ba56230846) Importer(2089858483,934ff659095e30574adcf32a4c2f97b5)
Start importing Assets/Materials/Shadergraph/Teste.shadergraph using Guid(fe6a5bc4b9ad11d4ebd2c5ba56230846) Importer(2089858483,934ff659095e30574adcf32a4c2f97b5)  -> (artifact id: '1480304ddad751390ec9d20a7bbd71ed') in 1.092803 seconds 
========================================================================
Received Import Request.
  Time since last request: 26.278554 seconds.
  path: Assets/Materials/Shadergraph/Teste.shadergraph
  artifactKey: Guid(fe6a5bc4b9ad11d4ebd2c5ba56230846) Importer(2089858483,934ff659095e30574adcf32a4c2f97b5)
Start importing Assets/Materials/Shadergraph/Teste.shadergraph using Guid(fe6a5bc4b9ad11d4ebd2c5ba56230846) Importer(2089858483,934ff659095e30574adcf32a4c2f97b5)  -> (artifact id: 'd03ba4de484d55b2676b68e7b92f5820') in 0.016880 seconds 
========================================================================
Received Import Request.
  Time since last request: 32.838846 seconds.
  path: Assets/Materials/Shadergraph/Teste.shadergraph
  artifactKey: Guid(fe6a5bc4b9ad11d4ebd2c5ba56230846) Importer(2089858483,934ff659095e30574adcf32a4c2f97b5)
Start importing Assets/Materials/Shadergraph/Teste.shadergraph using Guid(fe6a5bc4b9ad11d4ebd2c5ba56230846) Importer(2089858483,934ff659095e30574adcf32a4c2f97b5)  -> (artifact id: 'a07c51fd5d89f610971df6c76d598297') in 0.014168 seconds 
========================================================================
Received Import Request.
  Time since last request: 6052.805533 seconds.
  path: Assets/Materials/Shadergraph/teste.mat
  artifactKey: Guid(c8fbdf69cb287204683090d8bcc73605) Importer(815301076,1909f56bfc062723c751e8b465ee728b)
Start importing Assets/Materials/Shadergraph/teste.mat using Guid(c8fbdf69cb287204683090d8bcc73605) Importer(815301076,1909f56bfc062723c751e8b465ee728b)  -> (artifact id: '48203f06011f58410fe63ab50ee880cc') in 0.697714 seconds 
========================================================================
Received Import Request.
  Time since last request: 0.555971 seconds.
  path: Assets/Materials/Shadergraph/teste.mat
  artifactKey: Guid(c8fbdf69cb287204683090d8bcc73605) Importer(2089858483,934ff659095e30574adcf32a4c2f97b5)
Start importing Assets/Materials/Shadergraph/teste.mat using Guid(c8fbdf69cb287204683090d8bcc73605) Importer(2089858483,934ff659095e30574adcf32a4c2f97b5)  -> (artifact id: '3060079603150c0335e788b5047d6c16') in 0.128342 seconds 
========================================================================
Received Prepare
Registering precompiled user dll's ...
Registered in 0.023365 seconds.
Begin MonoManager ReloadAssembly
Symbol file LoadedFromMemory doesn't match image C:\Projetos GitHub\Strech-mesh-project\Strech Mesh\Library\PackageCache\com.unity.visualscripting@1.6.1\Editor\VisualScripting.Core\Dependencies\YamlDotNet\Unity.VisualScripting.YamlDotNet.dll
Symbol file LoadedFromMemory doesn't match image C:\Projetos GitHub\Strech-mesh-project\Strech Mesh\Library\PackageCache\com.unity.visualscripting@1.6.1\Editor\VisualScripting.Core\Dependencies\DotNetZip\Unity.VisualScripting.IonicZip.dll
Native extension for WindowsStandalone target not found
Refreshing native plugins compatible for Editor in 2.61 ms, found 3 plugins.
Preloading 0 native plugins for Editor in 0.00 ms.
Mono: successfully reloaded assembly
- Completed reload, in  3.690 seconds
Domain Reload Profiling:
	ReloadAssembly (3739ms)
		BeginReloadAssembly (1669ms)
			ExecutionOrderSort (1ms)
			DisableScriptedObjects (344ms)
			BackupInstance (0ms)
			ReleaseScriptingObjects (0ms)
			CreateAndSetChildDomain (766ms)
		EndReloadAssembly (1928ms)
			LoadAssemblies (272ms)
			RebuildTransferFunctionScriptingTraits (0ms)
			SetupTypeCache (701ms)
			ReleaseScriptCaches (2ms)
			RebuildScriptCaches (67ms)
			SetupLoadedEditorAssemblies (619ms)
				LogAssemblyErrors (0ms)
				InitializePlatformSupportModulesInManaged (18ms)
				SetLoadedEditorAssemblies (1ms)
				RefreshPlugins (14ms)
				BeforeProcessingInitializeOnLoad (132ms)
				ProcessInitializeOnLoadAttributes (426ms)
				ProcessInitializeOnLoadMethodAttributes (8ms)
				AfterProcessingInitializeOnLoad (20ms)
				EditorAssembliesLoaded (0ms)
			ExecutionOrderSort2 (0ms)
			AwakeInstancesAfterBackupRestoration (22ms)
Platform modules already initialized, skipping
Shader 'Universal Render Pipeline/Particles/Lit': fallback shader 'Universal Render Pipeline/Particles/SimpleLit' not found
Shader 'Universal Render Pipeline/Particles/Lit': fallback shader 'Universal Render Pipeline/Particles/SimpleLit' not found
Refreshing native plugins compatible for Editor in 0.92 ms, found 3 plugins.
Preloading 0 native plugins for Editor in 0.00 ms.
Unloading 4640 Unused Serialized files (Serialized files now loaded: 0)
System memory in use before: 184.8 MB.
System memory in use after: 181.7 MB.

Unloading 52 unused Assets to reduce memory usage. Loaded Objects now: 5214.
Total: 7.348100 ms (FindLiveObjects: 0.390100 ms CreateObjectMapping: 0.256500 ms MarkObjects: 4.817900 ms  DeleteObjects: 1.881600 ms)

AssetImportParameters requested are different than current active one (requested -> active):
  custom:framework-win-MediaFoundation: 216162199b28c13a410421893ffa2e32 -> 
  custom:video-decoder-ogg-theora: a1e56fd34408186e4bbccfd4996cb3dc -> 
  custom:container-muxer-webm: aa71ff27fc2769a1b78a27578f13a17b -> 
  custom:container-demuxer-webm: 4f35f7cbe854078d1ac9338744f61a02 -> 
  custom:container-demuxer-ogg: 62fdf1f143b41e24485cea50d1cbac27 -> 
  custom:video-encoder-webm-vp8: eb34c28f22e8b96e1ab97ce403110664 -> 
  custom:video-decoder-webm-vp8: 9c59270c3fd7afecdb556c50c9e8de78 -> 
  custom:audio-decoder-ogg-vorbis: bf7c407c2cedff20999df2af8eb42d56 -> 
  custom:audio-encoder-webm-vorbis: bf7c407c2cedff20999df2af8eb42d56 -> 
========================================================================
Received Import Request.
  Time since last request: 5243.682582 seconds.
  path: Assets/SoftBodyDeformation/Manipulator.cs
  artifactKey: Guid(c92fce061a6aa32429a4a72bc94abcec) Importer(2089858483,934ff659095e30574adcf32a4c2f97b5)
Start importing Assets/SoftBodyDeformation/Manipulator.cs using Guid(c92fce061a6aa32429a4a72bc94abcec) Importer(2089858483,934ff659095e30574adcf32a4c2f97b5)  -> (artifact id: '693429cad45df74c5595171647e02c28') in 0.519308 seconds 
========================================================================
Received Import Request.
  Time since last request: 0.001266 seconds.
  path: Assets/SoftBodyDeformation/SoftbodyStandard.mat
  artifactKey: Guid(77a7bdfe275fe144a9a278d4e923fa32) Importer(2089858483,934ff659095e30574adcf32a4c2f97b5)
Start importing Assets/SoftBodyDeformation/SoftbodyStandard.mat using Guid(77a7bdfe275fe144a9a278d4e923fa32) Importer(2089858483,934ff659095e30574adcf32a4c2f97b5)  -> (artifact id: '2752a3cee5883412a55a2d850730958f') in 0.082048 seconds 
========================================================================
Received Import Request.
  Time since last request: 0.002642 seconds.
  path: Assets/SoftBodyDeformation/SoftbodyDeformStandard.shader
  artifactKey: Guid(88dca589d173d0a459deace0cd0437cd) Importer(2089858483,934ff659095e30574adcf32a4c2f97b5)
Start importing Assets/SoftBodyDeformation/SoftbodyDeformStandard.shader using Guid(88dca589d173d0a459deace0cd0437cd) Importer(2089858483,934ff659095e30574adcf32a4c2f97b5)  -> (artifact id: 'd4177d1f42b4446e130779951965e794') in 0.065432 seconds 
========================================================================
Received Import Request.
  Time since last request: 0.017823 seconds.
  path: Assets/SoftBodyDeformation/SoftbodyDeformationCommon.cginc
  artifactKey: Guid(2526db8db160a9c4499ef7b8b89ab8c5) Importer(2089858483,934ff659095e30574adcf32a4c2f97b5)
Start importing Assets/SoftBodyDeformation/SoftbodyDeformationCommon.cginc using Guid(2526db8db160a9c4499ef7b8b89ab8c5) Importer(2089858483,934ff659095e30574adcf32a4c2f97b5)  -> (artifact id: '83512116a6164ecc39dda8ca54469cdd') in 0.070831 seconds 
========================================================================
Received Import Request.
  Time since last request: 0.003563 seconds.
  path: Assets/SoftBodyDeformation
  artifactKey: Guid(4139b18ce5b54ca45a537570cf7fbf4b) Importer(2089858483,934ff659095e30574adcf32a4c2f97b5)
Start importing Assets/SoftBodyDeformation using Guid(4139b18ce5b54ca45a537570cf7fbf4b) Importer(2089858483,934ff659095e30574adcf32a4c2f97b5)  -> (artifact id: '8ea5fda5ac513019ca6695b79bfad3d5') in 0.054743 seconds 
========================================================================
Received Import Request.
  Time since last request: 0.003196 seconds.
  path: Assets/SoftBodyDeformation/ManipulatorMouseControl.cs
  artifactKey: Guid(640a113af4c170f4694eefda1c7c0a0b) Importer(2089858483,934ff659095e30574adcf32a4c2f97b5)
Start importing Assets/SoftBodyDeformation/ManipulatorMouseControl.cs using Guid(640a113af4c170f4694eefda1c7c0a0b) Importer(2089858483,934ff659095e30574adcf32a4c2f97b5)  -> (artifact id: '7af58e1a97beed6a12ee1b751222605f') in 0.058574 seconds 
========================================================================
Received Import Request.
  Time since last request: 29.824444 seconds.
  path: Assets/SoftBodyDeformation
  artifactKey: Guid(4139b18ce5b54ca45a537570cf7fbf4b) Importer(815301076,1909f56bfc062723c751e8b465ee728b)
Start importing Assets/SoftBodyDeformation using Guid(4139b18ce5b54ca45a537570cf7fbf4b) Importer(815301076,1909f56bfc062723c751e8b465ee728b)  -> (artifact id: 'b7c8a6bfc255ecd57873585c56b55a48') in 0.005197 seconds 
========================================================================
Received Import Request.
  Time since last request: 0.000940 seconds.
  path: Assets/SoftBodyDeformation/SoftbodyStandard.mat
  artifactKey: Guid(77a7bdfe275fe144a9a278d4e923fa32) Importer(815301076,1909f56bfc062723c751e8b465ee728b)
Start importing Assets/SoftBodyDeformation/SoftbodyStandard.mat using Guid(77a7bdfe275fe144a9a278d4e923fa32) Importer(815301076,1909f56bfc062723c751e8b465ee728b)  -> (artifact id: '9be9c760df602271063f4a5627bfd997') in 0.676303 seconds 
========================================================================
Received Import Request.
  Time since last request: 34.314522 seconds.
  path: Assets/SoftBodyDeformation/SoftbodyDeformStandard.shader
  artifactKey: Guid(88dca589d173d0a459deace0cd0437cd) Importer(815301076,1909f56bfc062723c751e8b465ee728b)
Start importing Assets/SoftBodyDeformation/SoftbodyDeformStandard.shader using Guid(88dca589d173d0a459deace0cd0437cd) Importer(815301076,1909f56bfc062723c751e8b465ee728b)  -> (artifact id: 'd479a0a1a527f5954587323d233fb528') in 0.008799 seconds 
========================================================================
Received Import Request.
  Time since last request: 9.507998 seconds.
  path: Assets/SoftBodyDeformation/Custom_SoftbodyDeformStandard.mat
  artifactKey: Guid(5f8477d2d42b38943919ef5e26d52fff) Importer(815301076,1909f56bfc062723c751e8b465ee728b)
Start importing Assets/SoftBodyDeformation/Custom_SoftbodyDeformStandard.mat using Guid(5f8477d2d42b38943919ef5e26d52fff) Importer(815301076,1909f56bfc062723c751e8b465ee728b)  -> (artifact id: '0831febcec2593847db270afacd4d875') in 0.027204 seconds 
========================================================================
Received Import Request.
  Time since last request: 0.890140 seconds.
  path: Assets/SoftBodyDeformation/Custom_SoftbodyDeformStandard.mat
  artifactKey: Guid(5f8477d2d42b38943919ef5e26d52fff) Importer(2089858483,934ff659095e30574adcf32a4c2f97b5)
Start importing Assets/SoftBodyDeformation/Custom_SoftbodyDeformStandard.mat using Guid(5f8477d2d42b38943919ef5e26d52fff) Importer(2089858483,934ff659095e30574adcf32a4c2f97b5)  -> (artifact id: '5ddb116467e4c50a9a00ae7bb1e26086') in 0.015518 seconds 
========================================================================
Received Import Request.
  Time since last request: 36.414386 seconds.
  path: Assets/SoftBodyDeformation/ManipulatorMouseControl.cs
  artifactKey: Guid(640a113af4c170f4694eefda1c7c0a0b) Importer(815301076,1909f56bfc062723c751e8b465ee728b)
Start importing Assets/SoftBodyDeformation/ManipulatorMouseControl.cs using Guid(640a113af4c170f4694eefda1c7c0a0b) Importer(815301076,1909f56bfc062723c751e8b465ee728b)  -> (artifact id: 'bec96050690576a92cd061ab9210418b') in 0.018065 seconds 
========================================================================
Received Prepare
Registering precompiled user dll's ...
Registered in 0.091216 seconds.
Begin MonoManager ReloadAssembly
Symbol file LoadedFromMemory doesn't match image C:\Projetos GitHub\Strech-mesh-project\Strech Mesh\Library\PackageCache\com.unity.visualscripting@1.6.1\Editor\VisualScripting.Core\Dependencies\YamlDotNet\Unity.VisualScripting.YamlDotNet.dll
Symbol file LoadedFromMemory doesn't match image C:\Projetos GitHub\Strech-mesh-project\Strech Mesh\Library\PackageCache\com.unity.visualscripting@1.6.1\Editor\VisualScripting.Core\Dependencies\DotNetZip\Unity.VisualScripting.IonicZip.dll
Native extension for WindowsStandalone target not found
Refreshing native plugins compatible for Editor in 0.92 ms, found 3 plugins.
Preloading 0 native plugins for Editor in 0.00 ms.
Mono: successfully reloaded assembly
- Completed reload, in  3.228 seconds
Domain Reload Profiling:
	ReloadAssembly (3230ms)
		BeginReloadAssembly (364ms)
			ExecutionOrderSort (0ms)
			DisableScriptedObjects (18ms)
			BackupInstance (0ms)
			ReleaseScriptingObjects (0ms)
			CreateAndSetChildDomain (204ms)
		EndReloadAssembly (2744ms)
			LoadAssemblies (523ms)
			RebuildTransferFunctionScriptingTraits (0ms)
			SetupTypeCache (831ms)
			ReleaseScriptCaches (2ms)
			RebuildScriptCaches (65ms)
			SetupLoadedEditorAssemblies (880ms)
				LogAssemblyErrors (0ms)
				InitializePlatformSupportModulesInManaged (8ms)
				SetLoadedEditorAssemblies (1ms)
				RefreshPlugins (3ms)
				BeforeProcessingInitializeOnLoad (117ms)
				ProcessInitializeOnLoadAttributes (724ms)
				ProcessInitializeOnLoadMethodAttributes (8ms)
				AfterProcessingInitializeOnLoad (18ms)
				EditorAssembliesLoaded (0ms)
			ExecutionOrderSort2 (0ms)
			AwakeInstancesAfterBackupRestoration (33ms)
Platform modules already initialized, skipping
Shader 'Universal Render Pipeline/Particles/Lit': fallback shader 'Universal Render Pipeline/Particles/SimpleLit' not found
Shader 'Universal Render Pipeline/Particles/Lit': fallback shader 'Universal Render Pipeline/Particles/SimpleLit' not found
Refreshing native plugins compatible for Editor in 1.06 ms, found 3 plugins.
Preloading 0 native plugins for Editor in 0.00 ms.
Unloading 4640 Unused Serialized files (Serialized files now loaded: 0)
System memory in use before: 184.9 MB.
System memory in use after: 182.3 MB.

Unloading 51 unused Assets to reduce memory usage. Loaded Objects now: 5254.
Total: 7.018300 ms (FindLiveObjects: 0.493500 ms CreateObjectMapping: 0.258000 ms MarkObjects: 3.665700 ms  DeleteObjects: 2.599300 ms)

AssetImportParameters requested are different than current active one (requested -> active):
  custom:framework-win-MediaFoundation: 216162199b28c13a410421893ffa2e32 -> 
  custom:video-decoder-ogg-theora: a1e56fd34408186e4bbccfd4996cb3dc -> 
  custom:container-muxer-webm: aa71ff27fc2769a1b78a27578f13a17b -> 
  custom:container-demuxer-webm: 4f35f7cbe854078d1ac9338744f61a02 -> 
  custom:container-demuxer-ogg: 62fdf1f143b41e24485cea50d1cbac27 -> 
  custom:video-encoder-webm-vp8: eb34c28f22e8b96e1ab97ce403110664 -> 
  custom:video-decoder-webm-vp8: 9c59270c3fd7afecdb556c50c9e8de78 -> 
  custom:audio-decoder-ogg-vorbis: bf7c407c2cedff20999df2af8eb42d56 -> 
  custom:audio-encoder-webm-vorbis: bf7c407c2cedff20999df2af8eb42d56 -> 
========================================================================
Received Import Request.
  Time since last request: 88.495906 seconds.
  path: Assets/SoftBodyDeformation/Manipulator.cs
  artifactKey: Guid(c92fce061a6aa32429a4a72bc94abcec) Importer(815301076,1909f56bfc062723c751e8b465ee728b)
Start importing Assets/SoftBodyDeformation/Manipulator.cs using Guid(c92fce061a6aa32429a4a72bc94abcec) Importer(815301076,1909f56bfc062723c751e8b465ee728b)  -> (artifact id: '70b7ceb286cb3e37d580649777c29890') in 0.011384 seconds 
========================================================================
Received Import Request.
  Time since last request: 700.678759 seconds.
  path: Assets/Materials/Shadergraph/Teste.shadergraph
  artifactKey: Guid(fe6a5bc4b9ad11d4ebd2c5ba56230846) Importer(815301076,1909f56bfc062723c751e8b465ee728b)
Start importing Assets/Materials/Shadergraph/Teste.shadergraph using Guid(fe6a5bc4b9ad11d4ebd2c5ba56230846) Importer(815301076,1909f56bfc062723c751e8b465ee728b)  -> (artifact id: '89fd1a3161778c2f19430b265bb30003') in 0.035139 seconds 
========================================================================
Received Import Request.
  Time since last request: 51.609874 seconds.
  path: Assets/SoftBodyDeformation/SoftBodyDeformation.shadersubgraph
  artifactKey: Guid(e7acfe2f0b25b29468a59e764ae313d6) Importer(815301076,1909f56bfc062723c751e8b465ee728b)
Start importing Assets/SoftBodyDeformation/SoftBodyDeformation.shadersubgraph using Guid(e7acfe2f0b25b29468a59e764ae313d6) Importer(815301076,1909f56bfc062723c751e8b465ee728b)  -> (artifact id: 'c1ef3d0bfa85d64c91f7711b129f6f2f') in 0.031257 seconds 
========================================================================
Received Import Request.
  Time since last request: 0.868150 seconds.
  path: Assets/SoftBodyDeformation/SoftBodyDeformation.shadersubgraph
  artifactKey: Guid(e7acfe2f0b25b29468a59e764ae313d6) Importer(2089858483,934ff659095e30574adcf32a4c2f97b5)
Start importing Assets/SoftBodyDeformation/SoftBodyDeformation.shadersubgraph using Guid(e7acfe2f0b25b29468a59e764ae313d6) Importer(2089858483,934ff659095e30574adcf32a4c2f97b5)  -> (artifact id: 'fb1322252ae70453da9ffea11cd5e4ae') in 0.165975 seconds 
========================================================================
Received Import Request.
  Time since last request: 25.311759 seconds.
  path: Assets/Materials/Shadergraph/Teste.shadergraph
  artifactKey: Guid(fe6a5bc4b9ad11d4ebd2c5ba56230846) Importer(2089858483,934ff659095e30574adcf32a4c2f97b5)
Start importing Assets/Materials/Shadergraph/Teste.shadergraph using Guid(fe6a5bc4b9ad11d4ebd2c5ba56230846) Importer(2089858483,934ff659095e30574adcf32a4c2f97b5)  -> (artifact id: 'f1d88c9f06ea0a2aadc1659722d68c7d') in 1.727402 seconds 
========================================================================
Received Import Request.
  Time since last request: 31.163812 seconds.
  path: Assets/Scenes/Game.unity
  artifactKey: Guid(9256642f65f2aa84195d1d830415d541) Importer(2089858483,934ff659095e30574adcf32a4c2f97b5)
Start importing Assets/Scenes/Game.unity using Guid(9256642f65f2aa84195d1d830415d541) Importer(2089858483,934ff659095e30574adcf32a4c2f97b5)  -> (artifact id: '631118870651f4592beeebc0fa66f6b1') in 0.322361 seconds 
========================================================================
Received Import Request.
  Time since last request: 3.829091 seconds.
  path: Assets/Materials/Shadergraph/Teste.shadergraph
  artifactKey: Guid(fe6a5bc4b9ad11d4ebd2c5ba56230846) Importer(2089858483,934ff659095e30574adcf32a4c2f97b5)
Start importing Assets/Materials/Shadergraph/Teste.shadergraph using Guid(fe6a5bc4b9ad11d4ebd2c5ba56230846) Importer(2089858483,934ff659095e30574adcf32a4c2f97b5)  -> (artifact id: '3d44f6adb8881094ecf3b8dd7c334f99') in 0.142687 seconds 
AssetImportWorkerClient::OnTransportError - code=2 error=End of file
